<?xml version="1.0" encoding="UTF-8"?>
<!-- Generated by org.testng.reporters.JUnitXMLReporter -->
<testsuite hostname="Bharats-MacBook-Pro.local" ignored="0" name="Default test" tests="6" failures="0" timestamp="28 Apr 2019 15:46:10 GMT" time="338.652" errors="0">
  <testcase name="verifyMMT_Logo" time="2.185" classname="com.mmt.testPages.landingPageTest"/>
  <testcase name="verify_chkflight" time="2.102" classname="com.mmt.testPages.landingPageTest"/>
  <testcase name="verify_RoundTrip_radioBtn" time="2.158" classname="com.mmt.testPages.landingPageTest"/>
  <testcase name="Print_FlightRates_For_OneStop_NonStop_And_Total_flights" time="86.129" classname="com.mmt.testPages.landingPageTest"/>
  <testcase name="Validate_Prices_OneStop_flight" time="67.798" classname="com.mmt.testPages.landingPageTest"/>
  <testcase name="Validate_Prices_For_Top10_Flights" time="151.163" classname="com.mmt.testPages.landingPageTest"/>
</testsuite> <!-- Default test -->
